<?xml version="1.0" encoding="UTF-8"?>
<!-- Generated by org.testng.reporters.JUnitXMLReporter -->
<testsuite ignored="0" hostname="DESKTOP-1VEK02L" failures="1" tests="1" name="Surefire test" time="30.88" errors="0" timestamp="2025-05-13T21:38:35 IST">
  <testcase classname="tests.LoginAndSearchTest" name="testLoginAndSearchOrganization" time="19.641">
    <failure type="com.microsoft.playwright.TimeoutError" message="Error {
  message=&amp;apos;Timeout 3000ms exceeded.
  name=&amp;apos;TimeoutError
  stack=&amp;apos;TimeoutError: Timeout 3000ms exceeded.
    at ProgressController.run (C:\Users\Aditya\AppData\Local\Temp\playwright-java-9460604825503588220\package\lib\server\progress.js:75:26)
    at Frame.waitForSelector (C:\Users\Aditya\AppData\Local\Temp\playwright-java-9460604825503588220\package\lib\server\frames.js:628:23)
    at FrameDispatcher.waitForSelector (C:\Users\Aditya\AppData\Local\Temp\playwright-java-9460604825503588220\package\lib\server\dispatchers\frameDispatcher.js:107:103)
    at FrameDispatcher._handleCommand (C:\Users\Aditya\AppData\Local\Temp\playwright-java-9460604825503588220\package\lib\server\dispatchers\dispatcher.js:94:40)
    at DispatcherConnection.dispatch (C:\Users\Aditya\AppData\Local\Temp\playwright-java-9460604825503588220\package\lib\server\dispatchers\dispatcher.js:361:39)
}
Call log:
-   - waiting for locator(&amp;quot;//mat-card[@class=&amp;apos;mat-card mat-focus-indicator cursor-pointer-hover&amp;apos;][contains(., &amp;apos;not-Disclosed&amp;apos;)]&amp;quot;) to be visible
">
      <![CDATA[com.microsoft.playwright.TimeoutError: Error {
  message='Timeout 3000ms exceeded.
  name='TimeoutError
  stack='TimeoutError: Timeout 3000ms exceeded.
    at ProgressController.run (C:\Users\Aditya\AppData\Local\Temp\playwright-java-9460604825503588220\package\lib\server\progress.js:75:26)
    at Frame.waitForSelector (C:\Users\Aditya\AppData\Local\Temp\playwright-java-9460604825503588220\package\lib\server\frames.js:628:23)
    at FrameDispatcher.waitForSelector (C:\Users\Aditya\AppData\Local\Temp\playwright-java-9460604825503588220\package\lib\server\dispatchers\frameDispatcher.js:107:103)
    at FrameDispatcher._handleCommand (C:\Users\Aditya\AppData\Local\Temp\playwright-java-9460604825503588220\package\lib\server\dispatchers\dispatcher.js:94:40)
    at DispatcherConnection.dispatch (C:\Users\Aditya\AppData\Local\Temp\playwright-java-9460604825503588220\package\lib\server\dispatchers\dispatcher.js:361:39)
}
Call log:
-   - waiting for locator("//mat-card[@class='mat-card mat-focus-indicator cursor-pointer-hover'][contains(., 'not-Disclosed')]") to be visible

at com.microsoft.playwright.impl.WaitableResult.get(WaitableResult.java:52)
at com.microsoft.playwright.impl.ChannelOwner.runUntil(ChannelOwner.java:132)
at com.microsoft.playwright.impl.Connection.sendMessage(Connection.java:130)
at com.microsoft.playwright.impl.ChannelOwner.sendMessage(ChannelOwner.java:118)
at com.microsoft.playwright.impl.FrameImpl.waitForSelectorImpl(FrameImpl.java:1060)
at com.microsoft.playwright.impl.FrameImpl.waitForSelectorImpl(FrameImpl.java:1050)
at com.microsoft.playwright.impl.PageImpl.lambda$waitForSelector$95(PageImpl.java:1590)
at com.microsoft.playwright.impl.LoggingSupport.withLogging(LoggingSupport.java:47)
at com.microsoft.playwright.impl.ChannelOwner.withLogging(ChannelOwner.java:97)
at com.microsoft.playwright.impl.PageImpl.waitForSelector(PageImpl.java:1589)
at pages.OrganizationPage.clickOrganizationAndShowProjects(OrganizationPage.java:35)
at tests.LoginAndSearchTest.testLoginAndSearchOrganization(LoginAndSearchTest.java:47)
at java.base/java.util.ArrayList.forEach(ArrayList.java:1597)
Caused by: com.microsoft.playwright.TimeoutError: Error {
  message='Timeout 3000ms exceeded.
  name='TimeoutError
  stack='TimeoutError: Timeout 3000ms exceeded.
    at ProgressController.run (C:\Users\Aditya\AppData\Local\Temp\playwright-java-9460604825503588220\package\lib\server\progress.js:75:26)
    at Frame.waitForSelector (C:\Users\Aditya\AppData\Local\Temp\playwright-java-9460604825503588220\package\lib\server\frames.js:628:23)
    at FrameDispatcher.waitForSelector (C:\Users\Aditya\AppData\Local\Temp\playwright-java-9460604825503588220\package\lib\server\dispatchers\frameDispatcher.js:107:103)
    at FrameDispatcher._handleCommand (C:\Users\Aditya\AppData\Local\Temp\playwright-java-9460604825503588220\package\lib\server\dispatchers\dispatcher.js:94:40)
    at DispatcherConnection.dispatch (C:\Users\Aditya\AppData\Local\Temp\playwright-java-9460604825503588220\package\lib\server\dispatchers\dispatcher.js:361:39)
}
Call log:
-   - waiting for locator("//mat-card[@class='mat-card mat-focus-indicator cursor-pointer-hover'][contains(., 'not-Disclosed')]") to be visible

at com.microsoft.playwright.impl.Connection.dispatch(Connection.java:254)
at com.microsoft.playwright.impl.Connection.processOneMessage(Connection.java:211)
at com.microsoft.playwright.impl.ChannelOwner.runUntil(ChannelOwner.java:130)
... 41 more
... Removed 30 stack frames]]>
    </failure>
  </testcase> <!-- testLoginAndSearchOrganization -->
</testsuite> <!-- Surefire test -->
