<?xml version="1.0" encoding="UTF-8"?>
<testsuite xmlns:xsi="http://www.w3.org/2001/XMLSchema-instance" xsi:noNamespaceSchemaLocation="https://maven.apache.org/surefire/maven-surefire-plugin/xsd/surefire-test-report.xsd" version="3.0.1" name="tests.LoginAndSearchTest" time="31.482" tests="1" errors="0" skipped="0" failures="1">
  <properties>
[...]
</properties>
  <testcase name="testLoginAndSearchOrganization" classname="tests.LoginAndSearchTest" time="19.656">
    <failure message="Error {&#10;  message=&apos;Timeout 3000ms exceeded.&#10;  name=&apos;TimeoutError&#10;  stack=&apos;TimeoutError: Timeout 3000ms exceeded.&#10;    at ProgressController.run (C:\Users\Aditya\AppData\Local\Temp\playwright-java-9460604825503588220\package\lib\server\progress.js:75:26)&#10;    at Frame.waitForSelector (C:\Users\Aditya\AppData\Local\Temp\playwright-java-9460604825503588220\package\lib\server\frames.js:628:23)&#10;    at FrameDispatcher.waitForSelector (C:\Users\Aditya\AppData\Local\Temp\playwright-java-9460604825503588220\package\lib\server\dispatchers\frameDispatcher.js:107:103)&#10;    at FrameDispatcher._handleCommand (C:\Users\Aditya\AppData\Local\Temp\playwright-java-9460604825503588220\package\lib\server\dispatchers\dispatcher.js:94:40)&#10;    at DispatcherConnection.dispatch (C:\Users\Aditya\AppData\Local\Temp\playwright-java-9460604825503588220\package\lib\server\dispatchers\dispatcher.js:361:39)&#10;}&#10;Call log:&#10;-   - waiting for locator(&quot;//mat-card[@class=&apos;mat-card mat-focus-indicator cursor-pointer-hover&apos;][contains(., &apos;not-Disclosed&apos;)]&quot;) to be visible&#10;" type="com.microsoft.playwright.TimeoutError"><![CDATA[com.microsoft.playwright.TimeoutError: 
Error {
  message='Timeout 3000ms exceeded.
  name='TimeoutError
  stack='TimeoutError: Timeout 3000ms exceeded.
    at ProgressController.run (C:\Users\Aditya\AppData\Local\Temp\playwright-java-9460604825503588220\package\lib\server\progress.js:75:26)
    at Frame.waitForSelector (C:\Users\Aditya\AppData\Local\Temp\playwright-java-9460604825503588220\package\lib\server\frames.js:628:23)
    at FrameDispatcher.waitForSelector (C:\Users\Aditya\AppData\Local\Temp\playwright-java-9460604825503588220\package\lib\server\dispatchers\frameDispatcher.js:107:103)
    at FrameDispatcher._handleCommand (C:\Users\Aditya\AppData\Local\Temp\playwright-java-9460604825503588220\package\lib\server\dispatchers\dispatcher.js:94:40)
    at DispatcherConnection.dispatch (C:\Users\Aditya\AppData\Local\Temp\playwright-java-9460604825503588220\package\lib\server\dispatchers\dispatcher.js:361:39)
}
Call log:
-   - waiting for locator("//mat-card[@class='mat-card mat-focus-indicator cursor-pointer-hover'][contains(., 'not-Disclosed')]") to be visible

	at com.microsoft.playwright.impl.WaitableResult.get(WaitableResult.java:52)
	at com.microsoft.playwright.impl.ChannelOwner.runUntil(ChannelOwner.java:132)
	at com.microsoft.playwright.impl.Connection.sendMessage(Connection.java:130)
	at com.microsoft.playwright.impl.ChannelOwner.sendMessage(ChannelOwner.java:118)
	at com.microsoft.playwright.impl.FrameImpl.waitForSelectorImpl(FrameImpl.java:1060)
	at com.microsoft.playwright.impl.FrameImpl.waitForSelectorImpl(FrameImpl.java:1050)
	at com.microsoft.playwright.impl.PageImpl.lambda$waitForSelector$95(PageImpl.java:1590)
	at com.microsoft.playwright.impl.LoggingSupport.withLogging(LoggingSupport.java:47)
	at com.microsoft.playwright.impl.ChannelOwner.withLogging(ChannelOwner.java:97)
	at com.microsoft.playwright.impl.PageImpl.waitForSelector(PageImpl.java:1589)
	at pages.OrganizationPage.clickOrganizationAndShowProjects(OrganizationPage.java:35)
	at tests.LoginAndSearchTest.testLoginAndSearchOrganization(LoginAndSearchTest.java:47)
	at java.base/jdk.internal.reflect.DirectMethodHandleAccessor.invoke(DirectMethodHandleAccessor.java:103)
	at java.base/java.lang.reflect.Method.invoke(Method.java:580)
	at org.testng.internal.invokers.MethodInvocationHelper.invokeMethod(MethodInvocationHelper.java:141)
	at org.testng.internal.invokers.TestInvoker.invokeMethod(TestInvoker.java:687)
	at org.testng.internal.invokers.TestInvoker.invokeTestMethod(TestInvoker.java:230)
	at org.testng.internal.invokers.MethodRunner.runInSequence(MethodRunner.java:63)
	at org.testng.internal.invokers.TestInvoker$MethodInvocationAgent.invoke(TestInvoker.java:995)
	at org.testng.internal.invokers.TestInvoker.invokeTestMethods(TestInvoker.java:203)
	at org.testng.internal.invokers.TestMethodWorker.invokeTestMethods(TestMethodWorker.java:154)
	at org.testng.internal.invokers.TestMethodWorker.run(TestMethodWorker.java:134)
	at java.base/java.util.ArrayList.forEach(ArrayList.java:1597)
	at org.testng.TestRunner.privateRun(TestRunner.java:741)
	at org.testng.TestRunner.run(TestRunner.java:616)
	at org.testng.SuiteRunner.runTest(SuiteRunner.java:421)
	at org.testng.SuiteRunner.runSequentially(SuiteRunner.java:413)
	at org.testng.SuiteRunner.privateRun(SuiteRunner.java:373)
	at org.testng.SuiteRunner.run(SuiteRunner.java:312)
	at org.testng.SuiteRunnerWorker.runSuite(SuiteRunnerWorker.java:52)
	at org.testng.SuiteRunnerWorker.run(SuiteRunnerWorker.java:95)
	at org.testng.TestNG.runSuitesSequentially(TestNG.java:1274)
	at org.testng.TestNG.runSuitesLocally(TestNG.java:1208)
	at org.testng.TestNG.runSuites(TestNG.java:1112)
	at org.testng.TestNG.run(TestNG.java:1079)
	at org.apache.maven.surefire.testng.TestNGExecutor.run(TestNGExecutor.java:155)
	at org.apache.maven.surefire.testng.TestNGDirectoryTestSuite.executeSingleClass(TestNGDirectoryTestSuite.java:102)
	at org.apache.maven.surefire.testng.TestNGDirectoryTestSuite.execute(TestNGDirectoryTestSuite.java:91)
	at org.apache.maven.surefire.testng.TestNGProvider.invoke(TestNGProvider.java:137)
	at org.apache.maven.surefire.booter.ForkedBooter.runSuitesInProcess(ForkedBooter.java:385)
	at org.apache.maven.surefire.booter.ForkedBooter.execute(ForkedBooter.java:162)
	at org.apache.maven.surefire.booter.ForkedBooter.run(ForkedBooter.java:507)
	at org.apache.maven.surefire.booter.ForkedBooter.main(ForkedBooter.java:495)
Caused by: com.microsoft.playwright.TimeoutError: Error {
  message='Timeout 3000ms exceeded.
  name='TimeoutError
  stack='TimeoutError: Timeout 3000ms exceeded.
    at ProgressController.run (C:\Users\Aditya\AppData\Local\Temp\playwright-java-9460604825503588220\package\lib\server\progress.js:75:26)
    at Frame.waitForSelector (C:\Users\Aditya\AppData\Local\Temp\playwright-java-9460604825503588220\package\lib\server\frames.js:628:23)
    at FrameDispatcher.waitForSelector (C:\Users\Aditya\AppData\Local\Temp\playwright-java-9460604825503588220\package\lib\server\dispatchers\frameDispatcher.js:107:103)
    at FrameDispatcher._handleCommand (C:\Users\Aditya\AppData\Local\Temp\playwright-java-9460604825503588220\package\lib\server\dispatchers\dispatcher.js:94:40)
    at DispatcherConnection.dispatch (C:\Users\Aditya\AppData\Local\Temp\playwright-java-9460604825503588220\package\lib\server\dispatchers\dispatcher.js:361:39)
}
Call log:
-   - waiting for locator("//mat-card[@class='mat-card mat-focus-indicator cursor-pointer-hover'][contains(., 'not-Disclosed')]") to be visible

	at com.microsoft.playwright.impl.Connection.dispatch(Connection.java:254)
	at com.microsoft.playwright.impl.Connection.processOneMessage(Connection.java:211)
	at com.microsoft.playwright.impl.ChannelOwner.runUntil(ChannelOwner.java:130)
	... 41 more
]]></failure>
    <system-err><![CDATA[SLF4J(W): No SLF4J providers were found.
SLF4J(W): Defaulting to no-operation (NOP) logger implementation
SLF4J(W): See https://www.slf4j.org/codes.html#noProviders for further details.
]]></system-err>
  </testcase>
</testsuite>