<?xml version="1.0" encoding="UTF-8"?>
<testng-results ignored="0" total="3" passed="1" failed="2" skipped="0">
  <reporter-output>
  </reporter-output>
  <suite started-at="2025-05-14T17:44:06 IST" name="Default suite" finished-at="2025-05-14T17:45:59 IST" duration-ms="112606">
    <groups>
    </groups>
    <test started-at="2025-05-14T17:44:06 IST" name="Default test" finished-at="2025-05-14T17:45:59 IST" duration-ms="112606">
      <class name="tests.LoginAndSearchTest">
        <test-method is-config="true" signature="setUp()[pri:0, instance:tests.LoginAndSearchTest@41a0aa7d]" started-at="2025-05-14T17:44:06 IST" name="setUp" finished-at="2025-05-14T17:44:39 IST" duration-ms="32483" status="PASS">
          <reporter-output>
          </reporter-output>
        </test-method> <!-- setUp -->
        <test-method signature="testLogin()[pri:1, instance:tests.LoginAndSearchTest@41a0aa7d]" started-at="2025-05-14T17:44:39 IST" name="testLogin" finished-at="2025-05-14T17:44:52 IST" duration-ms="13577" status="FAIL">
          <exception class="com.microsoft.playwright.TimeoutError">
            <message>
              <![CDATA[Timeout 5000ms exceeded]]>
            </message>
            <full-stacktrace>
              <![CDATA[com.microsoft.playwright.TimeoutError: Timeout 5000ms exceeded
at com.microsoft.playwright.impl.WaitableTimeout.get(WaitableTimeout.java:41)
at com.microsoft.playwright.impl.WaitableRace.get(WaitableRace.java:46)
at com.microsoft.playwright.impl.ChannelOwner.runUntil(ChannelOwner.java:132)
at com.microsoft.playwright.impl.FrameImpl.waitForNavigationImpl(FrameImpl.java:1041)
at com.microsoft.playwright.impl.FrameImpl.waitForURLImpl(FrameImpl.java:1110)
at com.microsoft.playwright.impl.PageImpl.lambda$waitForURL$98(PageImpl.java:1624)
at com.microsoft.playwright.impl.WaitForEventLogger.lambda$get$0(WaitForEventLogger.java:50)
at com.microsoft.playwright.impl.LoggingSupport.withLogging(LoggingSupport.java:47)
at com.microsoft.playwright.impl.ChannelOwner.withLogging(ChannelOwner.java:97)
at com.microsoft.playwright.impl.WaitForEventLogger.get(WaitForEventLogger.java:41)
at com.microsoft.playwright.impl.ChannelOwner.withWaitLogging(ChannelOwner.java:87)
at com.microsoft.playwright.impl.PageImpl.waitForURL(PageImpl.java:1623)
at com.microsoft.playwright.impl.PageImpl.waitForURL(PageImpl.java:1609)
at pages.LoginPage.login(LoginPage.java:36)
at tests.LoginAndSearchTest.testLogin(LoginAndSearchTest.java:44)
at java.base/jdk.internal.reflect.NativeMethodAccessorImpl.invoke0(Native Method)
at java.base/jdk.internal.reflect.NativeMethodAccessorImpl.invoke(NativeMethodAccessorImpl.java:77)
at java.base/jdk.internal.reflect.DelegatingMethodAccessorImpl.invoke(DelegatingMethodAccessorImpl.java:43)
at java.base/java.lang.reflect.Method.invoke(Method.java:568)
at org.testng.internal.invokers.MethodInvocationHelper.invokeMethod(MethodInvocationHelper.java:141)
at org.testng.internal.invokers.TestInvoker.invokeMethod(TestInvoker.java:687)
at org.testng.internal.invokers.TestInvoker.invokeTestMethod(TestInvoker.java:230)
at org.testng.internal.invokers.MethodRunner.runInSequence(MethodRunner.java:63)
at org.testng.internal.invokers.TestInvoker$MethodInvocationAgent.invoke(TestInvoker.java:995)
at org.testng.internal.invokers.TestInvoker.invokeTestMethods(TestInvoker.java:203)
at org.testng.internal.invokers.TestMethodWorker.invokeTestMethods(TestMethodWorker.java:154)
at org.testng.internal.invokers.TestMethodWorker.run(TestMethodWorker.java:134)
at java.base/java.util.ArrayList.forEach(ArrayList.java:1511)
at org.testng.TestRunner.privateRun(TestRunner.java:741)
at org.testng.TestRunner.run(TestRunner.java:616)
at org.testng.SuiteRunner.runTest(SuiteRunner.java:421)
at org.testng.SuiteRunner.runSequentially(SuiteRunner.java:413)
at org.testng.SuiteRunner.privateRun(SuiteRunner.java:373)
at org.testng.SuiteRunner.run(SuiteRunner.java:312)
at org.testng.SuiteRunnerWorker.runSuite(SuiteRunnerWorker.java:52)
at org.testng.SuiteRunnerWorker.run(SuiteRunnerWorker.java:95)
at org.testng.TestNG.runSuitesSequentially(TestNG.java:1274)
at org.testng.TestNG.runSuitesLocally(TestNG.java:1208)
at org.testng.TestNG.runSuites(TestNG.java:1112)
at org.testng.TestNG.run(TestNG.java:1079)
at org.testng.remote.AbstractRemoteTestNG.run(AbstractRemoteTestNG.java:115)
at org.testng.remote.RemoteTestNG.initAndRun(RemoteTestNG.java:293)
at org.testng.remote.RemoteTestNG.main(RemoteTestNG.java:91)
]]>
            </full-stacktrace>
          </exception> <!-- com.microsoft.playwright.TimeoutError -->
          <reporter-output>
          </reporter-output>
        </test-method> <!-- testLogin -->
        <test-method signature="testSearchAndShowProjects()[pri:2, instance:tests.LoginAndSearchTest@41a0aa7d]" started-at="2025-05-14T17:44:52 IST" name="testSearchAndShowProjects" finished-at="2025-05-14T17:45:02 IST" duration-ms="9873" status="PASS">
          <reporter-output>
          </reporter-output>
        </test-method> <!-- testSearchAndShowProjects -->
        <test-method signature="testCreateProject()[pri:3, instance:tests.LoginAndSearchTest@41a0aa7d]" started-at="2025-05-14T17:45:02 IST" name="testCreateProject" finished-at="2025-05-14T17:45:58 IST" duration-ms="55749" status="FAIL">
          <exception class="com.microsoft.playwright.TimeoutError">
            <message>
              <![CDATA[Error {
  message='Timeout 30000ms exceeded.
  name='TimeoutError
  stack='TimeoutError: Timeout 30000ms exceeded.
    at ProgressController.run (C:\Users\Aditya\AppData\Local\Temp\playwright-java-6216663752007743195\package\lib\server\progress.js:75:26)
    at Frame.click (C:\Users\Aditya\AppData\Local\Temp\playwright-java-6216663752007743195\package\lib\server\frames.js:1021:23)
    at FrameDispatcher.click (C:\Users\Aditya\AppData\Local\Temp\playwright-java-6216663752007743195\package\lib\server\dispatchers\frameDispatcher.js:159:30)
    at FrameDispatcher._handleCommand (C:\Users\Aditya\AppData\Local\Temp\playwright-java-6216663752007743195\package\lib\server\dispatchers\dispatcher.js:94:40)
    at DispatcherConnection.dispatch (C:\Users\Aditya\AppData\Local\Temp\playwright-java-6216663752007743195\package\lib\server\dispatchers\dispatcher.js:361:39)
}
Call log:
-   - waiting for locator(".mat-select-arrow.ng-tns-c108-31")
-     - locator resolved to <div class="mat-select-arrow ng-tns-c108-31"></div>
-   - attempting click action
-     2 × waiting for element to be visible, enabled and stable
-       - element is visible, enabled and stable
-       - scrolling into view if needed
-       - done scrolling
-       - <div id="1-panel" tabindex="-1" role="listbox" aria-multiselectable="true" aria-labelledby="mat-form-field-label-3" ng-reflect-ng-class="custom-mat-select-panel" class="ng-tns-c108-29 ng-trigger ng-trigger-transformPanel mat-select-panel mat-primary custom-mat-select-panel">…</div> from <div class="cdk-overlay-container">…</div> subtree intercepts pointer events
-     - retrying click action
-     - waiting 20ms
-     - waiting for element to be visible, enabled and stable
-     - element is visible, enabled and stable
-     - scrolling into view if needed
-     - done scrolling
-     - <div id="1-panel" tabindex="-1" role="listbox" aria-multiselectable="true" aria-labelledby="mat-form-field-label-3" ng-reflect-ng-class="custom-mat-select-panel" class="ng-tns-c108-29 ng-trigger ng-trigger-transformPanel mat-select-panel mat-primary custom-mat-select-panel">…</div> from <div class="cdk-overlay-container">…</div> subtree intercepts pointer events
-   2 × retrying click action
-       - waiting 100ms
-       - waiting for element to be visible, enabled and stable
-       - element is visible, enabled and stable
-       - scrolling into view if needed
-       - done scrolling
-       - <a aria-haspopup="true" aria-expanded="false" _ngcontent-krg-c192="" data-toggle="dropdown" data-placement="right" ng-reflect-ng-class="[object Object]" class="nav-link dropdown-toggle nav-style"> Partner </a> from <app-top-nav-bar _nghost-krg-c192="" class="ng-tns-c218-3" _ngcontent-krg-c218="" ng-reflect-nav-header-menu="" ng-reflect-help-link="https://drive.google.com/drive">…</app-top-nav-bar> subtree intercepts pointer events
-   - retrying click action
-     - waiting 500ms
-     - waiting for element to be visible, enabled and stable
-     - element is visible, enabled and stable
-     - scrolling into view if needed
-     - done scrolling
-     - <div class="cdk-overlay-backdrop cdk-overlay-transparent-backdrop cdk-overlay-backdrop-showing"></div> from <div class="cdk-overlay-container">…</div> subtree intercepts pointer events
-   2 × retrying click action
-       - waiting 500ms
-       - waiting for element to be visible, enabled and stable
-       - element is visible, enabled and stable
-       - scrolling into view if needed
-       - done scrolling
-       - <div id="1-panel" tabindex="-1" role="listbox" aria-multiselectable="true" aria-labelledby="mat-form-field-label-3" ng-reflect-ng-class="custom-mat-select-panel" class="ng-tns-c108-29 ng-trigger ng-trigger-transformPanel mat-select-panel mat-primary custom-mat-select-panel">…</div> from <div class="cdk-overlay-container">…</div> subtree intercepts pointer events
-     - retrying click action
-       - waiting 500ms
-       - waiting for element to be visible, enabled and stable
-       - element is visible, enabled and stable
-       - scrolling into view if needed
-       - done scrolling
-       - <a aria-haspopup="true" aria-expanded="false" _ngcontent-krg-c192="" data-toggle="dropdown" data-placement="right" ng-reflect-ng-class="[object Object]" class="nav-link dropdown-toggle nav-style"> Partner </a> from <app-top-nav-bar _nghost-krg-c192="" class="ng-tns-c218-3" _ngcontent-krg-c218="" ng-reflect-nav-header-menu="" ng-reflect-help-link="https://drive.google.com/drive">…</app-top-nav-bar> subtree intercepts pointer events
-     - retrying click action
-       - waiting 500ms
-       - waiting for element to be visible, enabled and stable
-       - element is visible, enabled and stable
-       - scrolling into view if needed
-       - done scrolling
-       - <a aria-haspopup="true" aria-expanded="false" _ngcontent-krg-c192="" data-toggle="dropdown" data-placement="right" ng-reflect-ng-class="[object Object]" class="nav-link dropdown-toggle nav-style"> Partner </a> from <app-top-nav-bar _nghost-krg-c192="" class="ng-tns-c218-3" _ngcontent-krg-c218="" ng-reflect-nav-header-menu="" ng-reflect-help-link="https://drive.google.com/drive">…</app-top-nav-bar> subtree intercepts pointer events
-     - retrying click action
-       - waiting 500ms
-       - waiting for element to be visible, enabled and stable
-       - element is visible, enabled and stable
-       - scrolling into view if needed
-       - done scrolling
-       - <div id="1-panel" tabindex="-1" role="listbox" aria-multiselectable="true" aria-labelledby="mat-form-field-label-3" ng-reflect-ng-class="custom-mat-select-panel" class="ng-tns-c108-29 ng-trigger ng-trigger-transformPanel mat-select-panel mat-primary custom-mat-select-panel">…</div> from <div class="cdk-overlay-container">…</div> subtree intercepts pointer events
-   - retrying click action
-     - waiting 500ms
-     - waiting for element to be visible, enabled and stable
-     - element is visible, enabled and stable
-     - scrolling into view if needed
-     - done scrolling
-     - <div id="1-panel" tabindex="-1" role="listbox" aria-multiselectable="true" aria-labelledby="mat-form-field-label-3" ng-reflect-ng-class="custom-mat-select-panel" class="ng-tns-c108-29 ng-trigger ng-trigger-transformPanel mat-select-panel mat-primary custom-mat-select-panel">…</div> from <div class="cdk-overlay-container">…</div> subtree intercepts pointer events
-   2 × retrying click action
-       - waiting 500ms
-       - waiting for element to be visible, enabled and stable
-       - element is visible, enabled and stable
-       - scrolling into view if needed
-       - done scrolling
-       - <a aria-haspopup="true" aria-expanded="false" _ngcontent-krg-c192="" data-toggle="dropdown" data-placement="right" ng-reflect-ng-class="[object Object]" class="nav-link dropdown-toggle nav-style"> Partner </a> from <app-top-nav-bar _nghost-krg-c192="" class="ng-tns-c218-3" _ngcontent-krg-c218="" ng-reflect-nav-header-menu="" ng-reflect-help-link="https://drive.google.com/drive">…</app-top-nav-bar> subtree intercepts pointer events
-   - retrying click action
-     - waiting 500ms
-     - waiting for element to be visible, enabled and stable
-     - element is visible, enabled and stable
-     - scrolling into view if needed
-     - done scrolling
-     - <div class="cdk-overlay-backdrop cdk-overlay-transparent-backdrop cdk-overlay-backdrop-showing"></div> from <div class="cdk-overlay-container">…</div> subtree intercepts pointer events
-   - retrying click action
-     - waiting 500ms
-     - waiting for element to be visible, enabled and stable
-     - element is visible, enabled and stable
-     - scrolling into view if needed
-     - done scrolling
-     - <div id="1-panel" tabindex="-1" role="listbox" aria-multiselectable="true" aria-labelledby="mat-form-field-label-3" ng-reflect-ng-class="custom-mat-select-panel" class="ng-tns-c108-29 ng-trigger ng-trigger-transformPanel mat-select-panel mat-primary custom-mat-select-panel">…</div> from <div class="cdk-overlay-container">…</div> subtree intercepts pointer events
-   2 × retrying click action
-       - waiting 500ms
-       - waiting for element to be visible, enabled and stable
-       - element is visible, enabled and stable
-       - scrolling into view if needed
-       - done scrolling
-       - <a aria-haspopup="true" aria-expanded="false" _ngcontent-krg-c192="" data-toggle="dropdown" data-placement="right" ng-reflect-ng-class="[object Object]" class="nav-link dropdown-toggle nav-style"> Partner </a> from <app-top-nav-bar _nghost-krg-c192="" class="ng-tns-c218-3" _ngcontent-krg-c218="" ng-reflect-nav-header-menu="" ng-reflect-help-link="https://drive.google.com/drive">…</app-top-nav-bar> subtree intercepts pointer events
-   2 × retrying click action
-       - waiting 500ms
-       - waiting for element to be visible, enabled and stable
-       - element is visible, enabled and stable
-       - scrolling into view if needed
-       - done scrolling
-       - <div id="1-panel" tabindex="-1" role="listbox" aria-multiselectable="true" aria-labelledby="mat-form-field-label-3" ng-reflect-ng-class="custom-mat-select-panel" class="ng-tns-c108-29 ng-trigger ng-trigger-transformPanel mat-select-panel mat-primary custom-mat-select-panel">…</div> from <div class="cdk-overlay-container">…</div> subtree intercepts pointer events
-   2 × retrying click action
-       - waiting 500ms
-       - waiting for element to be visible, enabled and stable
-       - element is visible, enabled and stable
-       - scrolling into view if needed
-       - done scrolling
-       - <a aria-haspopup="true" aria-expanded="false" _ngcontent-krg-c192="" data-toggle="dropdown" data-placement="right" ng-reflect-ng-class="[object Object]" class="nav-link dropdown-toggle nav-style"> Partner </a> from <app-top-nav-bar _nghost-krg-c192="" class="ng-tns-c218-3" _ngcontent-krg-c218="" ng-reflect-nav-header-menu="" ng-reflect-help-link="https://drive.google.com/drive">…</app-top-nav-bar> subtree intercepts pointer events
-   - retrying click action
-     - waiting 500ms
-     - waiting for element to be visible, enabled and stable
-     - element is not stable
-   - retrying click action
-     - waiting 500ms
-     - waiting for element to be visible, enabled and stable
-     - element is visible, enabled and stable
-     - scrolling into view if needed
-     - done scrolling
-     - <div class="cdk-overlay-backdrop cdk-overlay-transparent-backdrop cdk-overlay-backdrop-showing"></div> from <div class="cdk-overlay-container">…</div> subtree intercepts pointer events
-   7 × retrying click action
-       - waiting 500ms
-       - waiting for element to be visible, enabled and stable
-       - element is visible, enabled and stable
-       - scrolling into view if needed
-       - done scrolling
-       - <a aria-haspopup="true" aria-expanded="false" _ngcontent-krg-c192="" data-toggle="dropdown" data-placement="right" ng-reflect-ng-class="[object Object]" class="nav-link dropdown-toggle nav-style"> Partner </a> from <app-top-nav-bar _nghost-krg-c192="" class="ng-tns-c218-3" _ngcontent-krg-c218="" ng-reflect-nav-header-menu="" ng-reflect-help-link="https://drive.google.com/drive">…</app-top-nav-bar> subtree intercepts pointer events
-     - retrying click action
-       - waiting 500ms
-       - waiting for element to be visible, enabled and stable
-       - element is visible, enabled and stable
-       - scrolling into view if needed
-       - done scrolling
-       - <a aria-haspopup="true" aria-expanded="false" _ngcontent-krg-c192="" data-toggle="dropdown" data-placement="right" ng-reflect-ng-class="[object Object]" class="nav-link dropdown-toggle nav-style"> Partner </a> from <app-top-nav-bar _nghost-krg-c192="" class="ng-tns-c218-3" _ngcontent-krg-c218="" ng-reflect-nav-header-menu="" ng-reflect-help-link="https://drive.google.com/drive">…</app-top-nav-bar> subtree intercepts pointer events
-     - retrying click action
-       - waiting 500ms
-       - waiting for element to be visible, enabled and stable
-       - element is visible, enabled and stable
-       - scrolling into view if needed
-       - done scrolling
-       - <div class="cdk-overlay-backdrop cdk-overlay-transparent-backdrop cdk-overlay-backdrop-showing"></div> from <div class="cdk-overlay-container">…</div> subtree intercepts pointer events
-     - retrying click action
-       - waiting 500ms
-       - waiting for element to be visible, enabled and stable
-       - element is visible, enabled and stable
-       - scrolling into view if needed
-       - done scrolling
-       - <div id="1-panel" tabindex="-1" role="listbox" aria-multiselectable="true" aria-labelledby="mat-form-field-label-3" ng-reflect-ng-class="custom-mat-select-panel" class="ng-tns-c108-29 ng-trigger ng-trigger-transformPanel mat-select-panel mat-primary custom-mat-select-panel">…</div> from <div class="cdk-overlay-container">…</div> subtree intercepts pointer events
-   2 × retrying click action
-       - waiting 500ms
-       - waiting for element to be visible, enabled and stable
-       - element is visible, enabled and stable
-       - scrolling into view if needed
-       - done scrolling
-       - <a aria-haspopup="true" aria-expanded="false" _ngcontent-krg-c192="" data-toggle="dropdown" data-placement="right" ng-reflect-ng-class="[object Object]" class="nav-link dropdown-toggle nav-style"> Partner </a> from <app-top-nav-bar _nghost-krg-c192="" class="ng-tns-c218-3" _ngcontent-krg-c218="" ng-reflect-nav-header-menu="" ng-reflect-help-link="https://drive.google.com/drive">…</app-top-nav-bar> subtree intercepts pointer events
-   - retrying click action
-     - waiting 500ms
-     - waiting for element to be visible, enabled and stable
-     - element is visible, enabled and stable
-     - scrolling into view if needed
-     - done scrolling
-     - <div class="cdk-overlay-backdrop cdk-overlay-transparent-backdrop cdk-overlay-backdrop-showing"></div> from <div class="cdk-overlay-container">…</div> subtree intercepts pointer events
-   - retrying click action
-     - waiting 500ms
]]>
            </message>
            <full-stacktrace>
              <![CDATA[com.microsoft.playwright.TimeoutError: Error {
  message='Timeout 30000ms exceeded.
  name='TimeoutError
  stack='TimeoutError: Timeout 30000ms exceeded.
    at ProgressController.run (C:\Users\Aditya\AppData\Local\Temp\playwright-java-6216663752007743195\package\lib\server\progress.js:75:26)
    at Frame.click (C:\Users\Aditya\AppData\Local\Temp\playwright-java-6216663752007743195\package\lib\server\frames.js:1021:23)
    at FrameDispatcher.click (C:\Users\Aditya\AppData\Local\Temp\playwright-java-6216663752007743195\package\lib\server\dispatchers\frameDispatcher.js:159:30)
    at FrameDispatcher._handleCommand (C:\Users\Aditya\AppData\Local\Temp\playwright-java-6216663752007743195\package\lib\server\dispatchers\dispatcher.js:94:40)
    at DispatcherConnection.dispatch (C:\Users\Aditya\AppData\Local\Temp\playwright-java-6216663752007743195\package\lib\server\dispatchers\dispatcher.js:361:39)
}
Call log:
-   - waiting for locator(".mat-select-arrow.ng-tns-c108-31")
-     - locator resolved to <div class="mat-select-arrow ng-tns-c108-31"></div>
-   - attempting click action
-     2 × waiting for element to be visible, enabled and stable
-       - element is visible, enabled and stable
-       - scrolling into view if needed
-       - done scrolling
-       - <div id="1-panel" tabindex="-1" role="listbox" aria-multiselectable="true" aria-labelledby="mat-form-field-label-3" ng-reflect-ng-class="custom-mat-select-panel" class="ng-tns-c108-29 ng-trigger ng-trigger-transformPanel mat-select-panel mat-primary custom-mat-select-panel">…</div> from <div class="cdk-overlay-container">…</div> subtree intercepts pointer events
-     - retrying click action
-     - waiting 20ms
-     - waiting for element to be visible, enabled and stable
-     - element is visible, enabled and stable
-     - scrolling into view if needed
-     - done scrolling
-     - <div id="1-panel" tabindex="-1" role="listbox" aria-multiselectable="true" aria-labelledby="mat-form-field-label-3" ng-reflect-ng-class="custom-mat-select-panel" class="ng-tns-c108-29 ng-trigger ng-trigger-transformPanel mat-select-panel mat-primary custom-mat-select-panel">…</div> from <div class="cdk-overlay-container">…</div> subtree intercepts pointer events
-   2 × retrying click action
-       - waiting 100ms
-       - waiting for element to be visible, enabled and stable
-       - element is visible, enabled and stable
-       - scrolling into view if needed
-       - done scrolling
-       - <a aria-haspopup="true" aria-expanded="false" _ngcontent-krg-c192="" data-toggle="dropdown" data-placement="right" ng-reflect-ng-class="[object Object]" class="nav-link dropdown-toggle nav-style"> Partner </a> from <app-top-nav-bar _nghost-krg-c192="" class="ng-tns-c218-3" _ngcontent-krg-c218="" ng-reflect-nav-header-menu="" ng-reflect-help-link="https://drive.google.com/drive">…</app-top-nav-bar> subtree intercepts pointer events
-   - retrying click action
-     - waiting 500ms
-     - waiting for element to be visible, enabled and stable
-     - element is visible, enabled and stable
-     - scrolling into view if needed
-     - done scrolling
-     - <div class="cdk-overlay-backdrop cdk-overlay-transparent-backdrop cdk-overlay-backdrop-showing"></div> from <div class="cdk-overlay-container">…</div> subtree intercepts pointer events
-   2 × retrying click action
-       - waiting 500ms
-       - waiting for element to be visible, enabled and stable
-       - element is visible, enabled and stable
-       - scrolling into view if needed
-       - done scrolling
-       - <div id="1-panel" tabindex="-1" role="listbox" aria-multiselectable="true" aria-labelledby="mat-form-field-label-3" ng-reflect-ng-class="custom-mat-select-panel" class="ng-tns-c108-29 ng-trigger ng-trigger-transformPanel mat-select-panel mat-primary custom-mat-select-panel">…</div> from <div class="cdk-overlay-container">…</div> subtree intercepts pointer events
-     - retrying click action
-       - waiting 500ms
-       - waiting for element to be visible, enabled and stable
-       - element is visible, enabled and stable
-       - scrolling into view if needed
-       - done scrolling
-       - <a aria-haspopup="true" aria-expanded="false" _ngcontent-krg-c192="" data-toggle="dropdown" data-placement="right" ng-reflect-ng-class="[object Object]" class="nav-link dropdown-toggle nav-style"> Partner </a> from <app-top-nav-bar _nghost-krg-c192="" class="ng-tns-c218-3" _ngcontent-krg-c218="" ng-reflect-nav-header-menu="" ng-reflect-help-link="https://drive.google.com/drive">…</app-top-nav-bar> subtree intercepts pointer events
-     - retrying click action
-       - waiting 500ms
-       - waiting for element to be visible, enabled and stable
-       - element is visible, enabled and stable
-       - scrolling into view if needed
-       - done scrolling
-       - <a aria-haspopup="true" aria-expanded="false" _ngcontent-krg-c192="" data-toggle="dropdown" data-placement="right" ng-reflect-ng-class="[object Object]" class="nav-link dropdown-toggle nav-style"> Partner </a> from <app-top-nav-bar _nghost-krg-c192="" class="ng-tns-c218-3" _ngcontent-krg-c218="" ng-reflect-nav-header-menu="" ng-reflect-help-link="https://drive.google.com/drive">…</app-top-nav-bar> subtree intercepts pointer events
-     - retrying click action
-       - waiting 500ms
-       - waiting for element to be visible, enabled and stable
-       - element is visible, enabled and stable
-       - scrolling into view if needed
-       - done scrolling
-       - <div id="1-panel" tabindex="-1" role="listbox" aria-multiselectable="true" aria-labelledby="mat-form-field-label-3" ng-reflect-ng-class="custom-mat-select-panel" class="ng-tns-c108-29 ng-trigger ng-trigger-transformPanel mat-select-panel mat-primary custom-mat-select-panel">…</div> from <div class="cdk-overlay-container">…</div> subtree intercepts pointer events
-   - retrying click action
-     - waiting 500ms
-     - waiting for element to be visible, enabled and stable
-     - element is visible, enabled and stable
-     - scrolling into view if needed
-     - done scrolling
-     - <div id="1-panel" tabindex="-1" role="listbox" aria-multiselectable="true" aria-labelledby="mat-form-field-label-3" ng-reflect-ng-class="custom-mat-select-panel" class="ng-tns-c108-29 ng-trigger ng-trigger-transformPanel mat-select-panel mat-primary custom-mat-select-panel">…</div> from <div class="cdk-overlay-container">…</div> subtree intercepts pointer events
-   2 × retrying click action
-       - waiting 500ms
-       - waiting for element to be visible, enabled and stable
-       - element is visible, enabled and stable
-       - scrolling into view if needed
-       - done scrolling
-       - <a aria-haspopup="true" aria-expanded="false" _ngcontent-krg-c192="" data-toggle="dropdown" data-placement="right" ng-reflect-ng-class="[object Object]" class="nav-link dropdown-toggle nav-style"> Partner </a> from <app-top-nav-bar _nghost-krg-c192="" class="ng-tns-c218-3" _ngcontent-krg-c218="" ng-reflect-nav-header-menu="" ng-reflect-help-link="https://drive.google.com/drive">…</app-top-nav-bar> subtree intercepts pointer events
-   - retrying click action
-     - waiting 500ms
-     - waiting for element to be visible, enabled and stable
-     - element is visible, enabled and stable
-     - scrolling into view if needed
-     - done scrolling
-     - <div class="cdk-overlay-backdrop cdk-overlay-transparent-backdrop cdk-overlay-backdrop-showing"></div> from <div class="cdk-overlay-container">…</div> subtree intercepts pointer events
-   - retrying click action
-     - waiting 500ms
-     - waiting for element to be visible, enabled and stable
-     - element is visible, enabled and stable
-     - scrolling into view if needed
-     - done scrolling
-     - <div id="1-panel" tabindex="-1" role="listbox" aria-multiselectable="true" aria-labelledby="mat-form-field-label-3" ng-reflect-ng-class="custom-mat-select-panel" class="ng-tns-c108-29 ng-trigger ng-trigger-transformPanel mat-select-panel mat-primary custom-mat-select-panel">…</div> from <div class="cdk-overlay-container">…</div> subtree intercepts pointer events
-   2 × retrying click action
-       - waiting 500ms
-       - waiting for element to be visible, enabled and stable
-       - element is visible, enabled and stable
-       - scrolling into view if needed
-       - done scrolling
-       - <a aria-haspopup="true" aria-expanded="false" _ngcontent-krg-c192="" data-toggle="dropdown" data-placement="right" ng-reflect-ng-class="[object Object]" class="nav-link dropdown-toggle nav-style"> Partner </a> from <app-top-nav-bar _nghost-krg-c192="" class="ng-tns-c218-3" _ngcontent-krg-c218="" ng-reflect-nav-header-menu="" ng-reflect-help-link="https://drive.google.com/drive">…</app-top-nav-bar> subtree intercepts pointer events
-   2 × retrying click action
-       - waiting 500ms
-       - waiting for element to be visible, enabled and stable
-       - element is visible, enabled and stable
-       - scrolling into view if needed
-       - done scrolling
-       - <div id="1-panel" tabindex="-1" role="listbox" aria-multiselectable="true" aria-labelledby="mat-form-field-label-3" ng-reflect-ng-class="custom-mat-select-panel" class="ng-tns-c108-29 ng-trigger ng-trigger-transformPanel mat-select-panel mat-primary custom-mat-select-panel">…</div> from <div class="cdk-overlay-container">…</div> subtree intercepts pointer events
-   2 × retrying click action
-       - waiting 500ms
-       - waiting for element to be visible, enabled and stable
-       - element is visible, enabled and stable
-       - scrolling into view if needed
-       - done scrolling
-       - <a aria-haspopup="true" aria-expanded="false" _ngcontent-krg-c192="" data-toggle="dropdown" data-placement="right" ng-reflect-ng-class="[object Object]" class="nav-link dropdown-toggle nav-style"> Partner </a> from <app-top-nav-bar _nghost-krg-c192="" class="ng-tns-c218-3" _ngcontent-krg-c218="" ng-reflect-nav-header-menu="" ng-reflect-help-link="https://drive.google.com/drive">…</app-top-nav-bar> subtree intercepts pointer events
-   - retrying click action
-     - waiting 500ms
-     - waiting for element to be visible, enabled and stable
-     - element is not stable
-   - retrying click action
-     - waiting 500ms
-     - waiting for element to be visible, enabled and stable
-     - element is visible, enabled and stable
-     - scrolling into view if needed
-     - done scrolling
-     - <div class="cdk-overlay-backdrop cdk-overlay-transparent-backdrop cdk-overlay-backdrop-showing"></div> from <div class="cdk-overlay-container">…</div> subtree intercepts pointer events
-   7 × retrying click action
-       - waiting 500ms
-       - waiting for element to be visible, enabled and stable
-       - element is visible, enabled and stable
-       - scrolling into view if needed
-       - done scrolling
-       - <a aria-haspopup="true" aria-expanded="false" _ngcontent-krg-c192="" data-toggle="dropdown" data-placement="right" ng-reflect-ng-class="[object Object]" class="nav-link dropdown-toggle nav-style"> Partner </a> from <app-top-nav-bar _nghost-krg-c192="" class="ng-tns-c218-3" _ngcontent-krg-c218="" ng-reflect-nav-header-menu="" ng-reflect-help-link="https://drive.google.com/drive">…</app-top-nav-bar> subtree intercepts pointer events
-     - retrying click action
-       - waiting 500ms
-       - waiting for element to be visible, enabled and stable
-       - element is visible, enabled and stable
-       - scrolling into view if needed
-       - done scrolling
-       - <a aria-haspopup="true" aria-expanded="false" _ngcontent-krg-c192="" data-toggle="dropdown" data-placement="right" ng-reflect-ng-class="[object Object]" class="nav-link dropdown-toggle nav-style"> Partner </a> from <app-top-nav-bar _nghost-krg-c192="" class="ng-tns-c218-3" _ngcontent-krg-c218="" ng-reflect-nav-header-menu="" ng-reflect-help-link="https://drive.google.com/drive">…</app-top-nav-bar> subtree intercepts pointer events
-     - retrying click action
-       - waiting 500ms
-       - waiting for element to be visible, enabled and stable
-       - element is visible, enabled and stable
-       - scrolling into view if needed
-       - done scrolling
-       - <div class="cdk-overlay-backdrop cdk-overlay-transparent-backdrop cdk-overlay-backdrop-showing"></div> from <div class="cdk-overlay-container">…</div> subtree intercepts pointer events
-     - retrying click action
-       - waiting 500ms
-       - waiting for element to be visible, enabled and stable
-       - element is visible, enabled and stable
-       - scrolling into view if needed
-       - done scrolling
-       - <div id="1-panel" tabindex="-1" role="listbox" aria-multiselectable="true" aria-labelledby="mat-form-field-label-3" ng-reflect-ng-class="custom-mat-select-panel" class="ng-tns-c108-29 ng-trigger ng-trigger-transformPanel mat-select-panel mat-primary custom-mat-select-panel">…</div> from <div class="cdk-overlay-container">…</div> subtree intercepts pointer events
-   2 × retrying click action
-       - waiting 500ms
-       - waiting for element to be visible, enabled and stable
-       - element is visible, enabled and stable
-       - scrolling into view if needed
-       - done scrolling
-       - <a aria-haspopup="true" aria-expanded="false" _ngcontent-krg-c192="" data-toggle="dropdown" data-placement="right" ng-reflect-ng-class="[object Object]" class="nav-link dropdown-toggle nav-style"> Partner </a> from <app-top-nav-bar _nghost-krg-c192="" class="ng-tns-c218-3" _ngcontent-krg-c218="" ng-reflect-nav-header-menu="" ng-reflect-help-link="https://drive.google.com/drive">…</app-top-nav-bar> subtree intercepts pointer events
-   - retrying click action
-     - waiting 500ms
-     - waiting for element to be visible, enabled and stable
-     - element is visible, enabled and stable
-     - scrolling into view if needed
-     - done scrolling
-     - <div class="cdk-overlay-backdrop cdk-overlay-transparent-backdrop cdk-overlay-backdrop-showing"></div> from <div class="cdk-overlay-container">…</div> subtree intercepts pointer events
-   - retrying click action
-     - waiting 500ms

at com.microsoft.playwright.impl.WaitableResult.get(WaitableResult.java:52)
at com.microsoft.playwright.impl.ChannelOwner.runUntil(ChannelOwner.java:132)
at com.microsoft.playwright.impl.Connection.sendMessage(Connection.java:130)
at com.microsoft.playwright.impl.ChannelOwner.sendMessage(ChannelOwner.java:118)
at com.microsoft.playwright.impl.FrameImpl.clickImpl(FrameImpl.java:252)
at com.microsoft.playwright.impl.PageImpl.lambda$click$18(PageImpl.java:688)
at com.microsoft.playwright.impl.LoggingSupport.lambda$withLogging$0(LoggingSupport.java:36)
at com.microsoft.playwright.impl.LoggingSupport.withLogging(LoggingSupport.java:47)
at com.microsoft.playwright.impl.ChannelOwner.withLogging(ChannelOwner.java:97)
at com.microsoft.playwright.impl.LoggingSupport.withLogging(LoggingSupport.java:35)
at com.microsoft.playwright.impl.PageImpl.click(PageImpl.java:687)
at com.microsoft.playwright.Page.click(Page.java:3914)
at pages.ProjectPage.selectImplementation(ProjectPage.java:96)
at tests.LoginAndSearchTest.testCreateProject(LoginAndSearchTest.java:67)
at java.base/jdk.internal.reflect.NativeMethodAccessorImpl.invoke0(Native Method)
at java.base/jdk.internal.reflect.NativeMethodAccessorImpl.invoke(NativeMethodAccessorImpl.java:77)
at java.base/jdk.internal.reflect.DelegatingMethodAccessorImpl.invoke(DelegatingMethodAccessorImpl.java:43)
at java.base/java.lang.reflect.Method.invoke(Method.java:568)
at org.testng.internal.invokers.MethodInvocationHelper.invokeMethod(MethodInvocationHelper.java:141)
at org.testng.internal.invokers.TestInvoker.invokeMethod(TestInvoker.java:687)
at org.testng.internal.invokers.TestInvoker.invokeTestMethod(TestInvoker.java:230)
at org.testng.internal.invokers.MethodRunner.runInSequence(MethodRunner.java:63)
at org.testng.internal.invokers.TestInvoker$MethodInvocationAgent.invoke(TestInvoker.java:995)
at org.testng.internal.invokers.TestInvoker.invokeTestMethods(TestInvoker.java:203)
at org.testng.internal.invokers.TestMethodWorker.invokeTestMethods(TestMethodWorker.java:154)
at org.testng.internal.invokers.TestMethodWorker.run(TestMethodWorker.java:134)
at java.base/java.util.ArrayList.forEach(ArrayList.java:1511)
at org.testng.TestRunner.privateRun(TestRunner.java:741)
at org.testng.TestRunner.run(TestRunner.java:616)
at org.testng.SuiteRunner.runTest(SuiteRunner.java:421)
at org.testng.SuiteRunner.runSequentially(SuiteRunner.java:413)
at org.testng.SuiteRunner.privateRun(SuiteRunner.java:373)
at org.testng.SuiteRunner.run(SuiteRunner.java:312)
at org.testng.SuiteRunnerWorker.runSuite(SuiteRunnerWorker.java:52)
at org.testng.SuiteRunnerWorker.run(SuiteRunnerWorker.java:95)
at org.testng.TestNG.runSuitesSequentially(TestNG.java:1274)
at org.testng.TestNG.runSuitesLocally(TestNG.java:1208)
at org.testng.TestNG.runSuites(TestNG.java:1112)
at org.testng.TestNG.run(TestNG.java:1079)
at org.testng.remote.AbstractRemoteTestNG.run(AbstractRemoteTestNG.java:115)
at org.testng.remote.RemoteTestNG.initAndRun(RemoteTestNG.java:293)
at org.testng.remote.RemoteTestNG.main(RemoteTestNG.java:91)
Caused by: com.microsoft.playwright.TimeoutError: Error {
  message='Timeout 30000ms exceeded.
  name='TimeoutError
  stack='TimeoutError: Timeout 30000ms exceeded.
    at ProgressController.run (C:\Users\Aditya\AppData\Local\Temp\playwright-java-6216663752007743195\package\lib\server\progress.js:75:26)
    at Frame.click (C:\Users\Aditya\AppData\Local\Temp\playwright-java-6216663752007743195\package\lib\server\frames.js:1021:23)
    at FrameDispatcher.click (C:\Users\Aditya\AppData\Local\Temp\playwright-java-6216663752007743195\package\lib\server\dispatchers\frameDispatcher.js:159:30)
    at FrameDispatcher._handleCommand (C:\Users\Aditya\AppData\Local\Temp\playwright-java-6216663752007743195\package\lib\server\dispatchers\dispatcher.js:94:40)
    at DispatcherConnection.dispatch (C:\Users\Aditya\AppData\Local\Temp\playwright-java-6216663752007743195\package\lib\server\dispatchers\dispatcher.js:361:39)
}
Call log:
-   - waiting for locator(".mat-select-arrow.ng-tns-c108-31")
-     - locator resolved to <div class="mat-select-arrow ng-tns-c108-31"></div>
-   - attempting click action
-     2 × waiting for element to be visible, enabled and stable
-       - element is visible, enabled and stable
-       - scrolling into view if needed
-       - done scrolling
-       - <div id="1-panel" tabindex="-1" role="listbox" aria-multiselectable="true" aria-labelledby="mat-form-field-label-3" ng-reflect-ng-class="custom-mat-select-panel" class="ng-tns-c108-29 ng-trigger ng-trigger-transformPanel mat-select-panel mat-primary custom-mat-select-panel">…</div> from <div class="cdk-overlay-container">…</div> subtree intercepts pointer events
-     - retrying click action
-     - waiting 20ms
-     - waiting for element to be visible, enabled and stable
-     - element is visible, enabled and stable
-     - scrolling into view if needed
-     - done scrolling
-     - <div id="1-panel" tabindex="-1" role="listbox" aria-multiselectable="true" aria-labelledby="mat-form-field-label-3" ng-reflect-ng-class="custom-mat-select-panel" class="ng-tns-c108-29 ng-trigger ng-trigger-transformPanel mat-select-panel mat-primary custom-mat-select-panel">…</div> from <div class="cdk-overlay-container">…</div> subtree intercepts pointer events
-   2 × retrying click action
-       - waiting 100ms
-       - waiting for element to be visible, enabled and stable
-       - element is visible, enabled and stable
-       - scrolling into view if needed
-       - done scrolling
-       - <a aria-haspopup="true" aria-expanded="false" _ngcontent-krg-c192="" data-toggle="dropdown" data-placement="right" ng-reflect-ng-class="[object Object]" class="nav-link dropdown-toggle nav-style"> Partner </a> from <app-top-nav-bar _nghost-krg-c192="" class="ng-tns-c218-3" _ngcontent-krg-c218="" ng-reflect-nav-header-menu="" ng-reflect-help-link="https://drive.google.com/drive">…</app-top-nav-bar> subtree intercepts pointer events
-   - retrying click action
-     - waiting 500ms
-     - waiting for element to be visible, enabled and stable
-     - element is visible, enabled and stable
-     - scrolling into view if needed
-     - done scrolling
-     - <div class="cdk-overlay-backdrop cdk-overlay-transparent-backdrop cdk-overlay-backdrop-showing"></div> from <div class="cdk-overlay-container">…</div> subtree intercepts pointer events
-   2 × retrying click action
-       - waiting 500ms
-       - waiting for element to be visible, enabled and stable
-       - element is visible, enabled and stable
-       - scrolling into view if needed
-       - done scrolling
-       - <div id="1-panel" tabindex="-1" role="listbox" aria-multiselectable="true" aria-labelledby="mat-form-field-label-3" ng-reflect-ng-class="custom-mat-select-panel" class="ng-tns-c108-29 ng-trigger ng-trigger-transformPanel mat-select-panel mat-primary custom-mat-select-panel">…</div> from <div class="cdk-overlay-container">…</div> subtree intercepts pointer events
-     - retrying click action
-       - waiting 500ms
-       - waiting for element to be visible, enabled and stable
-       - element is visible, enabled and stable
-       - scrolling into view if needed
-       - done scrolling
-       - <a aria-haspopup="true" aria-expanded="false" _ngcontent-krg-c192="" data-toggle="dropdown" data-placement="right" ng-reflect-ng-class="[object Object]" class="nav-link dropdown-toggle nav-style"> Partner </a> from <app-top-nav-bar _nghost-krg-c192="" class="ng-tns-c218-3" _ngcontent-krg-c218="" ng-reflect-nav-header-menu="" ng-reflect-help-link="https://drive.google.com/drive">…</app-top-nav-bar> subtree intercepts pointer events
-     - retrying click action
-       - waiting 500ms
-       - waiting for element to be visible, enabled and stable
-       - element is visible, enabled and stable
-       - scrolling into view if needed
-       - done scrolling
-       - <a aria-haspopup="true" aria-expanded="false" _ngcontent-krg-c192="" data-toggle="dropdown" data-placement="right" ng-reflect-ng-class="[object Object]" class="nav-link dropdown-toggle nav-style"> Partner </a> from <app-top-nav-bar _nghost-krg-c192="" class="ng-tns-c218-3" _ngcontent-krg-c218="" ng-reflect-nav-header-menu="" ng-reflect-help-link="https://drive.google.com/drive">…</app-top-nav-bar> subtree intercepts pointer events
-     - retrying click action
-       - waiting 500ms
-       - waiting for element to be visible, enabled and stable
-       - element is visible, enabled and stable
-       - scrolling into view if needed
-       - done scrolling
-       - <div id="1-panel" tabindex="-1" role="listbox" aria-multiselectable="true" aria-labelledby="mat-form-field-label-3" ng-reflect-ng-class="custom-mat-select-panel" class="ng-tns-c108-29 ng-trigger ng-trigger-transformPanel mat-select-panel mat-primary custom-mat-select-panel">…</div> from <div class="cdk-overlay-container">…</div> subtree intercepts pointer events
-   - retrying click action
-     - waiting 500ms
-     - waiting for element to be visible, enabled and stable
-     - element is visible, enabled and stable
-     - scrolling into view if needed
-     - done scrolling
-     - <div id="1-panel" tabindex="-1" role="listbox" aria-multiselectable="true" aria-labelledby="mat-form-field-label-3" ng-reflect-ng-class="custom-mat-select-panel" class="ng-tns-c108-29 ng-trigger ng-trigger-transformPanel mat-select-panel mat-primary custom-mat-select-panel">…</div> from <div class="cdk-overlay-container">…</div> subtree intercepts pointer events
-   2 × retrying click action
-       - waiting 500ms
-       - waiting for element to be visible, enabled and stable
-       - element is visible, enabled and stable
-       - scrolling into view if needed
-       - done scrolling
-       - <a aria-haspopup="true" aria-expanded="false" _ngcontent-krg-c192="" data-toggle="dropdown" data-placement="right" ng-reflect-ng-class="[object Object]" class="nav-link dropdown-toggle nav-style"> Partner </a> from <app-top-nav-bar _nghost-krg-c192="" class="ng-tns-c218-3" _ngcontent-krg-c218="" ng-reflect-nav-header-menu="" ng-reflect-help-link="https://drive.google.com/drive">…</app-top-nav-bar> subtree intercepts pointer events
-   - retrying click action
-     - waiting 500ms
-     - waiting for element to be visible, enabled and stable
-     - element is visible, enabled and stable
-     - scrolling into view if needed
-     - done scrolling
-     - <div class="cdk-overlay-backdrop cdk-overlay-transparent-backdrop cdk-overlay-backdrop-showing"></div> from <div class="cdk-overlay-container">…</div> subtree intercepts pointer events
-   - retrying click action
-     - waiting 500ms
-     - waiting for element to be visible, enabled and stable
-     - element is visible, enabled and stable
-     - scrolling into view if needed
-     - done scrolling
-     - <div id="1-panel" tabindex="-1" role="listbox" aria-multiselectable="true" aria-labelledby="mat-form-field-label-3" ng-reflect-ng-class="custom-mat-select-panel" class="ng-tns-c108-29 ng-trigger ng-trigger-transformPanel mat-select-panel mat-primary custom-mat-select-panel">…</div> from <div class="cdk-overlay-container">…</div> subtree intercepts pointer events
-   2 × retrying click action
-       - waiting 500ms
-       - waiting for element to be visible, enabled and stable
-       - element is visible, enabled and stable
-       - scrolling into view if needed
-       - done scrolling
-       - <a aria-haspopup="true" aria-expanded="false" _ngcontent-krg-c192="" data-toggle="dropdown" data-placement="right" ng-reflect-ng-class="[object Object]" class="nav-link dropdown-toggle nav-style"> Partner </a> from <app-top-nav-bar _nghost-krg-c192="" class="ng-tns-c218-3" _ngcontent-krg-c218="" ng-reflect-nav-header-menu="" ng-reflect-help-link="https://drive.google.com/drive">…</app-top-nav-bar> subtree intercepts pointer events
-   2 × retrying click action
-       - waiting 500ms
-       - waiting for element to be visible, enabled and stable
-       - element is visible, enabled and stable
-       - scrolling into view if needed
-       - done scrolling
-       - <div id="1-panel" tabindex="-1" role="listbox" aria-multiselectable="true" aria-labelledby="mat-form-field-label-3" ng-reflect-ng-class="custom-mat-select-panel" class="ng-tns-c108-29 ng-trigger ng-trigger-transformPanel mat-select-panel mat-primary custom-mat-select-panel">…</div> from <div class="cdk-overlay-container">…</div> subtree intercepts pointer events
-   2 × retrying click action
-       - waiting 500ms
-       - waiting for element to be visible, enabled and stable
-       - element is visible, enabled and stable
-       - scrolling into view if needed
-       - done scrolling
-       - <a aria-haspopup="true" aria-expanded="false" _ngcontent-krg-c192="" data-toggle="dropdown" data-placement="right" ng-reflect-ng-class="[object Object]" class="nav-link dropdown-toggle nav-style"> Partner </a> from <app-top-nav-bar _nghost-krg-c192="" class="ng-tns-c218-3" _ngcontent-krg-c218="" ng-reflect-nav-header-menu="" ng-reflect-help-link="https://drive.google.com/drive">…</app-top-nav-bar> subtree intercepts pointer events
-   - retrying click action
-     - waiting 500ms
-     - waiting for element to be visible, enabled and stable
-     - element is not stable
-   - retrying click action
-     - waiting 500ms
-     - waiting for element to be visible, enabled and stable
-     - element is visible, enabled and stable
-     - scrolling into view if needed
-     - done scrolling
-     - <div class="cdk-overlay-backdrop cdk-overlay-transparent-backdrop cdk-overlay-backdrop-showing"></div> from <div class="cdk-overlay-container">…</div> subtree intercepts pointer events
-   7 × retrying click action
-       - waiting 500ms
-       - waiting for element to be visible, enabled and stable
-       - element is visible, enabled and stable
-       - scrolling into view if needed
-       - done scrolling
-       - <a aria-haspopup="true" aria-expanded="false" _ngcontent-krg-c192="" data-toggle="dropdown" data-placement="right" ng-reflect-ng-class="[object Object]" class="nav-link dropdown-toggle nav-style"> Partner </a> from <app-top-nav-bar _nghost-krg-c192="" class="ng-tns-c218-3" _ngcontent-krg-c218="" ng-reflect-nav-header-menu="" ng-reflect-help-link="https://drive.google.com/drive">…</app-top-nav-bar> subtree intercepts pointer events
-     - retrying click action
-       - waiting 500ms
-       - waiting for element to be visible, enabled and stable
-       - element is visible, enabled and stable
-       - scrolling into view if needed
-       - done scrolling
-       - <a aria-haspopup="true" aria-expanded="false" _ngcontent-krg-c192="" data-toggle="dropdown" data-placement="right" ng-reflect-ng-class="[object Object]" class="nav-link dropdown-toggle nav-style"> Partner </a> from <app-top-nav-bar _nghost-krg-c192="" class="ng-tns-c218-3" _ngcontent-krg-c218="" ng-reflect-nav-header-menu="" ng-reflect-help-link="https://drive.google.com/drive">…</app-top-nav-bar> subtree intercepts pointer events
-     - retrying click action
-       - waiting 500ms
-       - waiting for element to be visible, enabled and stable
-       - element is visible, enabled and stable
-       - scrolling into view if needed
-       - done scrolling
-       - <div class="cdk-overlay-backdrop cdk-overlay-transparent-backdrop cdk-overlay-backdrop-showing"></div> from <div class="cdk-overlay-container">…</div> subtree intercepts pointer events
-     - retrying click action
-       - waiting 500ms
-       - waiting for element to be visible, enabled and stable
-       - element is visible, enabled and stable
-       - scrolling into view if needed
-       - done scrolling
-       - <div id="1-panel" tabindex="-1" role="listbox" aria-multiselectable="true" aria-labelledby="mat-form-field-label-3" ng-reflect-ng-class="custom-mat-select-panel" class="ng-tns-c108-29 ng-trigger ng-trigger-transformPanel mat-select-panel mat-primary custom-mat-select-panel">…</div> from <div class="cdk-overlay-container">…</div> subtree intercepts pointer events
-   2 × retrying click action
-       - waiting 500ms
-       - waiting for element to be visible, enabled and stable
-       - element is visible, enabled and stable
-       - scrolling into view if needed
-       - done scrolling
-       - <a aria-haspopup="true" aria-expanded="false" _ngcontent-krg-c192="" data-toggle="dropdown" data-placement="right" ng-reflect-ng-class="[object Object]" class="nav-link dropdown-toggle nav-style"> Partner </a> from <app-top-nav-bar _nghost-krg-c192="" class="ng-tns-c218-3" _ngcontent-krg-c218="" ng-reflect-nav-header-menu="" ng-reflect-help-link="https://drive.google.com/drive">…</app-top-nav-bar> subtree intercepts pointer events
-   - retrying click action
-     - waiting 500ms
-     - waiting for element to be visible, enabled and stable
-     - element is visible, enabled and stable
-     - scrolling into view if needed
-     - done scrolling
-     - <div class="cdk-overlay-backdrop cdk-overlay-transparent-backdrop cdk-overlay-backdrop-showing"></div> from <div class="cdk-overlay-container">…</div> subtree intercepts pointer events
-   - retrying click action
-     - waiting 500ms

at com.microsoft.playwright.impl.Connection.dispatch(Connection.java:254)
at com.microsoft.playwright.impl.Connection.processOneMessage(Connection.java:211)
at com.microsoft.playwright.impl.ChannelOwner.runUntil(ChannelOwner.java:130)
... 40 more
]]>
            </full-stacktrace>
          </exception> <!-- com.microsoft.playwright.TimeoutError -->
          <reporter-output>
          </reporter-output>
        </test-method> <!-- testCreateProject -->
        <test-method is-config="true" signature="tearDown()[pri:0, instance:tests.LoginAndSearchTest@41a0aa7d]" started-at="2025-05-14T17:45:58 IST" name="tearDown" finished-at="2025-05-14T17:45:59 IST" duration-ms="780" status="PASS">
          <reporter-output>
          </reporter-output>
        </test-method> <!-- tearDown -->
      </class> <!-- tests.LoginAndSearchTest -->
    </test> <!-- Default test -->
  </suite> <!-- Default suite -->
</testng-results>
